#
# There is insufficient memory for the Java Runtime Environment to continue.
# Native memory allocation (mmap) failed to map 264241152 bytes for G1 virtual space
# Possible reasons:
#   The system is out of physical RAM or swap space
#   The process is running with CompressedOops enabled, and the Java Heap may be blocking the growth of the native heap
# Possible solutions:
#   Reduce memory load on the system
#   Increase physical memory or swap space
#   Check if swap backing store is full
#   Decrease Java heap size (-Xmx/-Xms)
#   Decrease number of Java threads
#   Decrease Java thread stack sizes (-Xss)
#   Set larger code cache with -XX:ReservedCodeCacheSize=
#   JVM is running with Zero Based Compressed Oops mode in which the Java heap is
#     placed in the first 32GB address space. The Java Heap base address is the
#     maximum limit for the native heap growth. Please use -XX:HeapBaseMinAddress
#     to set the Java Heap base and to place the Java Heap above 32GB virtual address.
# This output file may be truncated or incomplete.
#
#  Out of Memory Error (os_windows.cpp:3532), pid=19772, tid=18736
#
# JRE version:  (17.0.2+8) (build )
# Java VM: OpenJDK 64-Bit Server VM (17.0.2+8, mixed mode, emulated-client, sharing, tiered, compressed oops, compressed class ptrs, g1 gc, windows-amd64)
# No core dump will be written. Minidumps are not enabled by default on client versions of Windows
#

---------------  S U M M A R Y ------------

Command Line: -Dcom.sun.management.jmxremote -Dcom.sun.management.jmxremote.port=54926 -Dcom.sun.management.jmxremote.authenticate=false -Dcom.sun.management.jmxremote.ssl=false -Djava.rmi.server.hostname=localhost -Dspring.jmx.enabled=true -Dspring.application.admin.enabled=true -XX:TieredStopAtLevel=1 -Dspring.boot.project.name=DigitalNewsPlatform -Dfile.encoding=UTF-8 -XX:+ShowCodeDetailsInExceptionMessages com.news.DigitalNewsPlatformApplication --spring.output.ansi.enabled=always

Host: 11th Gen Intel(R) Core(TM) i7-1165G7 @ 2.80GHz, 8 cores, 15G,  Windows 10 , 64 bit Build 19041 (10.0.19041.1806)
Time: Thu Aug  4 22:42:41 2022 India Standard Time elapsed time: 0.010726 seconds (0d 0h 0m 0s)

---------------  T H R E A D  ---------------

Current thread (0x0000028d7c94b820):  JavaThread "Unknown thread" [_thread_in_vm, id=18736, stack(0x000000b1acb00000,0x000000b1acc00000)]

Stack: [0x000000b1acb00000,0x000000b1acc00000]
Native frames: (J=compiled Java code, j=interpreted, Vv=VM code, C=native code)
V  [jvm.dll+0x67564a]
V  [jvm.dll+0x82fc04]
V  [jvm.dll+0x8313ae]
V  [jvm.dll+0x831a13]
V  [jvm.dll+0x245235]
V  [jvm.dll+0x672539]
V  [jvm.dll+0x666e82]
V  [jvm.dll+0x30401b]
V  [jvm.dll+0x30b566]
V  [jvm.dll+0x35b1fe]
V  [jvm.dll+0x35b42f]
V  [jvm.dll+0x2daf58]
V  [jvm.dll+0x2dbec4]
V  [jvm.dll+0x801881]
V  [jvm.dll+0x368f81]
V  [jvm.dll+0x7e0cdc]
V  [jvm.dll+0x3eb8bf]
V  [jvm.dll+0x3ed441]
C  [jli.dll+0x5277]
C  [ucrtbase.dll+0x21bb2]
C  [KERNEL32.DLL+0x17034]
C  [ntdll.dll+0x52651]


---------------  P R O C E S S  ---------------

Threads class SMR info:
_java_thread_list=0x00007ffbd9125e98, length=0, elements={
}

Java Threads: ( => current thread )

Other Threads:
  0x0000028d7c99fa80 GCTaskThread "GC Thread#0" [stack: 0x000000b1acc00000,0x000000b1acd00000] [id=15756]
  0x0000028d7c9b0c00 ConcurrentGCThread "G1 Main Marker" [stack: 0x000000b1acd00000,0x000000b1ace00000] [id=15076]
  0x0000028d7c9b14b0 ConcurrentGCThread "G1 Conc#0" [stack: 0x000000b1ace00000,0x000000b1acf00000] [id=18052]

[error occurred during error reporting (printing all threads), id 0xc0000005, EXCEPTION_ACCESS_VIOLATION (0xc0000005) at pc=0x00007ffbd88fb9d7]

VM state: not at safepoint (not fully initialized)

VM Mutex/Monitor currently owned by a thread:  ([mutex/lock_event])
[0x0000028d7c947d10] Heap_lock - owner thread: 0x0000028d7c94b820

Heap address: 0x0000000704000000, size: 4032 MB, Compressed Oops mode: Zero based, Oop shift amount: 3

CDS archive(s) mapped at: [0x0000000000000000-0x0000000000000000-0x0000000000000000), size 0, SharedBaseAddress: 0x0000000800000000, ArchiveRelocationMode: 0.
Narrow klass base: 0x0000000000000000, Narrow klass shift: 0, Narrow klass range: 0x0

GC Precious Log:
<Empty>

Heap:
 garbage-first heap   total 0K, used 0K [0x0000000704000000, 0x0000000800000000)
  region size 2048K, 0 young (0K), 0 survivors (0K)

[error occurred during error reporting (printing heap information), id 0xc0000005, EXCEPTION_ACCESS_VIOLATION (0xc0000005) at pc=0x00007ffbd8cde899]

GC Heap History (0 events):
No events

Deoptimization events (0 events):
No events

Classes unloaded (0 events):
No events

Classes redefined (0 events):
No events

Internal exceptions (0 events):
No events

VM Operations (0 events):
No events

Events (1 events):
Event: 0.006 Loaded shared library C:\Users\localadmin\Desktop\TALENT team softwares\sts-4.14.1.RELEASE\plugins\org.eclipse.justj.openjdk.hotspot.jre.full.win32.x86_64_17.0.2.v20220201-1208\jre\bin\java.dll


Dynamic libraries:
0x00007ff606570000 - 0x00007ff60657e000 	C:\Users\localadmin\Desktop\TALENT team softwares\sts-4.14.1.RELEASE\plugins\org.eclipse.justj.openjdk.hotspot.jre.full.win32.x86_64_17.0.2.v20220201-1208\jre\bin\javaw.exe
0x00007ffc52ed0000 - 0x00007ffc530c8000 	C:\Windows\SYSTEM32\ntdll.dll
0x00007ffc51020000 - 0x00007ffc510dd000 	C:\Windows\System32\KERNEL32.DLL
0x00007ffc50810000 - 0x00007ffc50ade000 	C:\Windows\System32\KERNELBASE.dll
0x00007ffc50690000 - 0x00007ffc50790000 	C:\Windows\System32\ucrtbase.dll
0x00007ffc4c740000 - 0x00007ffc4c758000 	C:\Users\localadmin\Desktop\TALENT team softwares\sts-4.14.1.RELEASE\plugins\org.eclipse.justj.openjdk.hotspot.jre.full.win32.x86_64_17.0.2.v20220201-1208\jre\bin\jli.dll
0x00007ffc4c760000 - 0x00007ffc4c779000 	C:\Users\localadmin\Desktop\TALENT team softwares\sts-4.14.1.RELEASE\plugins\org.eclipse.justj.openjdk.hotspot.jre.full.win32.x86_64_17.0.2.v20220201-1208\jre\bin\VCRUNTIME140.dll
0x00007ffc524d0000 - 0x00007ffc52670000 	C:\Windows\System32\USER32.dll
0x00007ffc3b190000 - 0x00007ffc3b42a000 	C:\Windows\WinSxS\amd64_microsoft.windows.common-controls_6595b64144ccf1df_6.0.19041.1110_none_60b5254171f9507e\COMCTL32.dll
0x00007ffc507e0000 - 0x00007ffc50802000 	C:\Windows\System32\win32u.dll
0x00007ffc52df0000 - 0x00007ffc52e8e000 	C:\Windows\System32\msvcrt.dll
0x00007ffc52b90000 - 0x00007ffc52bba000 	C:\Windows\System32\GDI32.dll
0x00007ffc50ae0000 - 0x00007ffc50beb000 	C:\Windows\System32\gdi32full.dll
0x00007ffc505f0000 - 0x00007ffc5068d000 	C:\Windows\System32\msvcp_win.dll
0x00007ffc50ff0000 - 0x00007ffc51020000 	C:\Windows\System32\IMM32.DLL
0x00007ffc4c730000 - 0x00007ffc4c73c000 	C:\Users\localadmin\Desktop\TALENT team softwares\sts-4.14.1.RELEASE\plugins\org.eclipse.justj.openjdk.hotspot.jre.full.win32.x86_64_17.0.2.v20220201-1208\jre\bin\vcruntime140_1.dll
0x00007ffc157c0000 - 0x00007ffc15851000 	C:\Users\localadmin\Desktop\TALENT team softwares\sts-4.14.1.RELEASE\plugins\org.eclipse.justj.openjdk.hotspot.jre.full.win32.x86_64_17.0.2.v20220201-1208\jre\bin\msvcp140.dll
0x00007ffbd8610000 - 0x00007ffbd9257000 	C:\Users\localadmin\Desktop\TALENT team softwares\sts-4.14.1.RELEASE\plugins\org.eclipse.justj.openjdk.hotspot.jre.full.win32.x86_64_17.0.2.v20220201-1208\jre\bin\server\jvm.dll
0x00007ffc52ae0000 - 0x00007ffc52b8e000 	C:\Windows\System32\ADVAPI32.dll
0x00007ffc510e0000 - 0x00007ffc5117c000 	C:\Windows\System32\sechost.dll
0x00007ffc523a0000 - 0x00007ffc524c5000 	C:\Windows\System32\RPCRT4.dll
0x00007ffc52390000 - 0x00007ffc52398000 	C:\Windows\System32\PSAPI.DLL
0x00007ffc454b0000 - 0x00007ffc454ba000 	C:\Windows\SYSTEM32\VERSION.dll
0x00007ffc23980000 - 0x00007ffc239a7000 	C:\Windows\SYSTEM32\WINMM.dll
0x00007ffc32170000 - 0x00007ffc32179000 	C:\Windows\SYSTEM32\WSOCK32.dll
0x00007ffc51670000 - 0x00007ffc516db000 	C:\Windows\System32\WS2_32.dll
0x00007ffc4ee80000 - 0x00007ffc4ee92000 	C:\Windows\SYSTEM32\kernel.appcore.dll
0x00007ffc4bc60000 - 0x00007ffc4bc6a000 	C:\Users\localadmin\Desktop\TALENT team softwares\sts-4.14.1.RELEASE\plugins\org.eclipse.justj.openjdk.hotspot.jre.full.win32.x86_64_17.0.2.v20220201-1208\jre\bin\jimage.dll
0x00007ffc4e350000 - 0x00007ffc4e534000 	C:\Windows\SYSTEM32\DBGHELP.DLL
0x00007ffc34a30000 - 0x00007ffc34a5c000 	C:\Windows\SYSTEM32\dbgcore.DLL
0x00007ffc50dc0000 - 0x00007ffc50e42000 	C:\Windows\System32\bcryptPrimitives.dll
0x00007ffc497d0000 - 0x00007ffc497f5000 	C:\Users\localadmin\Desktop\TALENT team softwares\sts-4.14.1.RELEASE\plugins\org.eclipse.justj.openjdk.hotspot.jre.full.win32.x86_64_17.0.2.v20220201-1208\jre\bin\java.dll

dbghelp: loaded successfully - version: 4.0.5 - missing functions: none
symbol engine: initialized successfully - sym options: 0x614 - pdb path: .;C:\Users\localadmin\Desktop\TALENT team softwares\sts-4.14.1.RELEASE\plugins\org.eclipse.justj.openjdk.hotspot.jre.full.win32.x86_64_17.0.2.v20220201-1208\jre\bin;C:\Windows\SYSTEM32;C:\Windows\WinSxS\amd64_microsoft.windows.common-controls_6595b64144ccf1df_6.0.19041.1110_none_60b5254171f9507e;C:\Users\localadmin\Desktop\TALENT team softwares\sts-4.14.1.RELEASE\plugins\org.eclipse.justj.openjdk.hotspot.jre.full.win32.x86_64_17.0.2.v20220201-1208\jre\bin\server

VM Arguments:
jvm_args: -Dcom.sun.management.jmxremote -Dcom.sun.management.jmxremote.port=54926 -Dcom.sun.management.jmxremote.authenticate=false -Dcom.sun.management.jmxremote.ssl=false -Djava.rmi.server.hostname=localhost -Dspring.jmx.enabled=true -Dspring.application.admin.enabled=true -XX:TieredStopAtLevel=1 -Dspring.boot.project.name=DigitalNewsPlatform -Dfile.encoding=UTF-8 -XX:+ShowCodeDetailsInExceptionMessages 
java_command: com.news.DigitalNewsPlatformApplication --spring.output.ansi.enabled=always
java_class_path (initial): C:\Users\localadmin\Documents\workspace-spring-tool-suite-4-4.14.1.RELEASE\DigitalNewsPlatform\target\classes;C:\Users\localadmin\.m2\repository\org\springframework\boot\spring-boot-starter-data-jpa\2.7.2\spring-boot-starter-data-jpa-2.7.2.jar;C:\Users\localadmin\.m2\repository\org\springframework\boot\spring-boot-starter-aop\2.7.2\spring-boot-starter-aop-2.7.2.jar;C:\Users\localadmin\.m2\repository\org\springframework\spring-aop\5.3.22\spring-aop-5.3.22.jar;C:\Users\localadmin\.m2\repository\org\aspectj\aspectjweaver\1.9.7\aspectjweaver-1.9.7.jar;C:\Users\localadmin\.m2\repository\org\springframework\boot\spring-boot-starter-jdbc\2.7.2\spring-boot-starter-jdbc-2.7.2.jar;C:\Users\localadmin\.m2\repository\com\zaxxer\HikariCP\4.0.3\HikariCP-4.0.3.jar;C:\Users\localadmin\.m2\repository\org\springframework\spring-jdbc\5.3.22\spring-jdbc-5.3.22.jar;C:\Users\localadmin\.m2\repository\jakarta\transaction\jakarta.transaction-api\1.3.3\jakarta.transaction-api-1.3.3.jar;C:\Users\localadmin\.m2\repository\jakarta\persistence\jakarta.persistence-api\2.2.3\jakarta.persistence-api-2.2.3.jar;C:\Users\localadmin\.m2\repository\org\hibernate\hibernate-core\5.6.10.Final\hibernate-core-5.6.10.Final.jar;C:\Users\localadmin\.m2\repository\org\jboss\logging\jboss-logging\3.4.3.Final\jboss-logging-3.4.3.Final.jar;C:\Users\localadmin\.m2\repository\net\bytebuddy\byte-buddy\1.12.12\byte-buddy-1.12.12.jar;C:\Users\localadmin\.m2\repository\antlr\antlr\2.7.7\antlr-2.7.7.jar;C:\Users\localadmin\.m2\repository\org\jboss\jandex\2.4.2.Final\jandex-2.4.2.Final.jar;C:\Users\localadmin\.m2\repository\com\fasterxml\classmate\1.5.1\classmate-1.5.1.jar;C:\Users\localadmin\.m2\repository\org\hibernate\common\hibernate-commons-annotations\5.1.2.Final\hibernate-commons-annotations-5.1.2.Final.jar;C:\Users\localadmin\.m2\repository\org\glassfish\jaxb\jaxb-runtime\2.3.6\jaxb-runtime-2.3.6.jar;C:\Users\localadmin\.m2\repository\org\glassfish\jaxb\txw2\2.3.6\txw2-2.3.6.jar;C:\Use
Launcher Type: SUN_STANDARD

[Global flags]
     intx CICompilerCount                          = 4                                         {product} {ergonomic}
     uint ConcGCThreads                            = 2                                         {product} {ergonomic}
     uint G1ConcRefinementThreads                  = 8                                         {product} {ergonomic}
   size_t G1HeapRegionSize                         = 2097152                                   {product} {ergonomic}
    uintx GCDrainStackTargetSize                   = 64                                        {product} {ergonomic}
   size_t InitialHeapSize                          = 264241152                                 {product} {ergonomic}
     bool ManagementServer                         = true                                      {product} {command line}
   size_t MarkStackSize                            = 4194304                                   {product} {ergonomic}
   size_t MaxHeapSize                              = 4227858432                                {product} {ergonomic}
   size_t MinHeapDeltaBytes                        = 2097152                                   {product} {ergonomic}
   size_t MinHeapSize                              = 8388608                                   {product} {ergonomic}
    uintx NonProfiledCodeHeapSize                  = 0                                      {pd product} {ergonomic}
     bool ProfileInterpreter                       = false                                  {pd product} {command line}
    uintx ProfiledCodeHeapSize                     = 0                                      {pd product} {ergonomic}
     bool ShowCodeDetailsInExceptionMessages       = true                                   {manageable} {command line}
   size_t SoftMaxHeapSize                          = 4227858432                             {manageable} {ergonomic}
     intx TieredStopAtLevel                        = 1                                         {product} {command line}
     bool UseCompressedClassPointers               = true                           {product lp64_product} {ergonomic}
     bool UseCompressedOops                        = true                           {product lp64_product} {ergonomic}
     bool UseG1GC                                  = true                                      {product} {ergonomic}
     bool UseLargePagesIndividualAllocation        = false                                  {pd product} {ergonomic}

Logging:
Log output configuration:
 #0: stdout all=warning uptime,level,tags
 #1: stderr all=off uptime,level,tags

Environment Variables:
PATH=C:/Users/localadmin/Desktop/TALENT team softwares/sts-4.14.1.RELEASE//plugins/org.eclipse.justj.openjdk.hotspot.jre.full.win32.x86_64_17.0.2.v20220201-1208/jre/bin/server;C:/Users/localadmin/Desktop/TALENT team softwares/sts-4.14.1.RELEASE//plugins/org.eclipse.justj.openjdk.hotspot.jre.full.win32.x86_64_17.0.2.v20220201-1208/jre/bin;C:\Program Files\Common Files\Oracle\Java\javapath;C:\Windows\system32;C:\Windows;C:\Windows\System32\Wbem;C:\Windows\System32\WindowsPowerShell\v1.0\;C:\Windows\System32\OpenSSH\;C:\Program Files\Git\cmd;C:\Program Files\dotnet\;C:\Program Files\nodejs\;C:\Program Files\TortoiseGit\bin;C:\Users\localadmin\AppData\Local\Programs\Python\Python310\Scripts\;C:\Users\localadmin\AppData\Local\Programs\Python\Python310\;C:\Users\localadmin\AppData\Local\Microsoft\WindowsApps;C:\Users\localadmin\AppData\Roaming\npm;C:\Users\localadmin\AppData\Local\Programs\Microsoft VS Code\bin;C:\Users\localadmin\Desktop\TALENT team softwares\sts-4.14.1.RELEASE;
USERNAME=localadmin
OS=Windows_NT
PROCESSOR_IDENTIFIER=Intel64 Family 6 Model 140 Stepping 1, GenuineIntel



---------------  S Y S T E M  ---------------

OS:
 Windows 10 , 64 bit Build 19041 (10.0.19041.1806)
OS uptime: 2 days 23:02 hours

CPU: total 8 (initial active 8) (4 cores per cpu, 2 threads per core) family 6 model 140 stepping 1 microcode 0xa4, cx8, cmov, fxsr, ht, mmx, 3dnowpref, sse, sse2, sse3, ssse3, sse4.1, sse4.2, popcnt, lzcnt, tsc, tscinvbit, avx, avx2, aes, erms, clmul, bmi1, bmi2, adx, avx512f, avx512dq, avx512cd, avx512bw, avx512vl, sha, fma, vzeroupper, avx512_vpopcntdq, avx512_vpclmulqdq, avx512_vaes, avx512_vnni, clflush, clflushopt, clwb, avx512_vbmi2, avx512_vbmi

Memory: 4k page, system-wide physical 16122M (4477M free)
TotalPageFile size 44641M (AvailPageFile size 188M)
current process WorkingSet (physical memory assigned to process): 10M, peak: 10M
current process commit charge ("private bytes"): 55M, peak: 307M

vm_info: OpenJDK 64-Bit Server VM (17.0.2+8) for windows-amd64 JRE (17.0.2+8), built on Jan 20 2022 04:52:34 by "" with MS VC++ 16.7 (VS2019)

END.
